<?xml version="1.0" encoding="UTF-8" ?>
<testsuite tests="7" failures="0" name="hu.unideb.inf.RunCucumberTest" time="46.095" errors="0" skipped="0">
  <properties>
[...]
</properties>
  <testcase classname="Contact us page test" name="User tries to send empty message" time="16.02"/>
  <testcase classname="Contact us page test" name="User enters invalid email address" time="7.616"/>
  <testcase classname="Contact us page test" name="User successfully sends message" time="7.106"/>
  <testcase classname="Search on page test" name="EMPTY_NAME" time="3.153"/>
  <testcase classname="Search on page test" name="EMPTY_NAME" time="3.952"/>
  <testcase classname="Search on page test" name="EMPTY_NAME" time="4.529"/>
  <testcase classname="Search on page test" name="EMPTY_NAME" time="3.719"/>
</testsuite>